<?xml version="1.0" encoding="UTF-8"?>
<!-- Generated by org.testng.reporters.JUnitXMLReporter -->
<testsuite ignored="0" hostname="Emmanuels-MacBook-Pro.local" failures="1" tests="3" name="Error Tests" time="22.591" errors="0" timestamp="2024-10-12T22:18:46 EDT">
  <testcase classname="MannyCoTest.Tests.ErrorTest" name="lognErrorValid" time="1.007">
    <skipped/>
  </testcase> <!-- lognErrorValid -->
  <testcase classname="MannyCoTest.Tests.ErrorTest" name="lognErrorValid" time="0.824">
    <failure type="java.lang.AssertionError" message="expected [Incorrect email or password.] but found [Incorrect email password.]">
      <![CDATA[java.lang.AssertionError: expected [Incorrect email or password.] but found [Incorrect email password.]
at MannyCoTest.Tests.ErrorTest.lognErrorValid(ErrorTest.java:39)
at java.base/java.util.ArrayList.forEach(ArrayList.java:1511)
at java.base/java.util.concurrent.FutureTask.run(FutureTask.java:264)
at java.base/java.util.concurrent.ThreadPoolExecutor.runWorker(ThreadPoolExecutor.java:1136)
at java.base/java.util.concurrent.ThreadPoolExecutor$Worker.run(ThreadPoolExecutor.java:635)
at java.base/java.lang.Thread.run(Thread.java:842)
... Removed 23 stack frames]]>
    </failure>
  </testcase> <!-- lognErrorValid -->
  <testcase classname="MannyCoTest.Tests.ErrorTest" name="productErrorValid" time="3.511"/>
</testsuite> <!-- Error Tests -->
